<?xml version="1.0"?>
<component name="org.nuxeo.ecm.platform.configuration.testContrib">

  <extension target="org.nuxeo.ecm.platform.configuration.ConfigurationService"
    point="configuration">
    <configuration name="foo" />
    <configuration name="foo bar" />
  </extension>

</component>
