<?xml version="1.0"?>
<component name="org.nuxeo.ecm.platform.configuration.testContrib">

  <extension target="org.nuxeo.ecm.platform.configuration.ConfigurationService"
    point="configuration">
    <configuration name="system" type="system" />
    <configuration name="main" type="properties" file="${package.resource.dir}/test.properties" />
    <configuration name="db" type="database" dbnamespace="foo" />
  </extension>

</component>
